[INFO] Scanning for projects...
[INFO] 
[INFO] --------------------< cs.msu.edu:CSCI_466_Project >---------------------
[INFO] Building CSCI_466_Project 1.0-SNAPSHOT
[INFO] --------------------------------[ jar ]---------------------------------
[INFO] 
[INFO] --- maven-resources-plugin:2.6:resources (default-resources) @ CSCI_466_Project ---
[WARNING] Using platform encoding (UTF-8 actually) to copy filtered resources, i.e. build is platform dependent!
[INFO] Copying 5 resources
[INFO] 
[INFO] --- maven-compiler-plugin:3.1:compile (default-compile) @ CSCI_466_Project ---
[INFO] Changes detected - recompiling the module!
[WARNING] File encoding has not been set, using platform encoding UTF-8, i.e. build is platform dependent!
[INFO] Compiling 47 source files to /home/carson/Projects/msu/csci-466-spring2021/grading/scripts/repos/rania_ehsan/target/classes
[WARNING] /home/carson/Projects/msu/csci-466-spring2021/grading/scripts/repos/rania_ehsan/src/main/java/edu/montana/csci/csci468/bytecode/MethodGenerator.java: /home/carson/Projects/msu/csci-466-spring2021/grading/scripts/repos/rania_ehsan/src/main/java/edu/montana/csci/csci468/bytecode/MethodGenerator.java uses or overrides a deprecated API.
[WARNING] /home/carson/Projects/msu/csci-466-spring2021/grading/scripts/repos/rania_ehsan/src/main/java/edu/montana/csci/csci468/bytecode/MethodGenerator.java: Recompile with -Xlint:deprecation for details.
[WARNING] /home/carson/Projects/msu/csci-466-spring2021/grading/scripts/repos/rania_ehsan/src/main/java/edu/montana/csci/csci468/tokenizer/TokenList.java: Some input files use unchecked or unsafe operations.
[WARNING] /home/carson/Projects/msu/csci-466-spring2021/grading/scripts/repos/rania_ehsan/src/main/java/edu/montana/csci/csci468/tokenizer/TokenList.java: Recompile with -Xlint:unchecked for details.
[INFO] 
[INFO] --- maven-resources-plugin:2.6:testResources (default-testResources) @ CSCI_466_Project ---
[WARNING] Using platform encoding (UTF-8 actually) to copy filtered resources, i.e. build is platform dependent!
[INFO] skip non existing resourceDirectory /home/carson/Projects/msu/csci-466-spring2021/grading/scripts/repos/rania_ehsan/src/test/resources
[INFO] 
[INFO] --- maven-compiler-plugin:3.1:testCompile (default-testCompile) @ CSCI_466_Project ---
[INFO] Changes detected - recompiling the module!
[WARNING] File encoding has not been set, using platform encoding UTF-8, i.e. build is platform dependent!
[INFO] Compiling 27 source files to /home/carson/Projects/msu/csci-466-spring2021/grading/scripts/repos/rania_ehsan/target/test-classes
[WARNING] /home/carson/Projects/msu/csci-466-spring2021/grading/scripts/repos/rania_ehsan/src/test/java/edu/montana/csci/csci468/CatscriptTestBase.java: Some input files use unchecked or unsafe operations.
[WARNING] /home/carson/Projects/msu/csci-466-spring2021/grading/scripts/repos/rania_ehsan/src/test/java/edu/montana/csci/csci468/CatscriptTestBase.java: Recompile with -Xlint:unchecked for details.
[INFO] 
[INFO] --- maven-surefire-plugin:2.22.1:test (default-test) @ CSCI_466_Project ---
[INFO] 
[INFO] -------------------------------------------------------
[INFO]  T E S T S
[INFO] -------------------------------------------------------
[INFO] Running edu.montana.csci.csci468.parser.CatscriptParserExpressionsTest
[INFO] Tests run: 29, Failures: 0, Errors: 0, Skipped: 0, Time elapsed: 0.358 s - in edu.montana.csci.csci468.parser.CatscriptParserExpressionsTest
[INFO] Running edu.montana.csci.csci468.parser.CatscriptParserErrorsTest
[INFO] Tests run: 1, Failures: 0, Errors: 0, Skipped: 0, Time elapsed: 0.001 s - in edu.montana.csci.csci468.parser.CatscriptParserErrorsTest
[INFO] Running edu.montana.csci.csci468.parser.CatscriptParserStatementsTest
[ERROR] Tests run: 21, Failures: 1, Errors: 0, Skipped: 0, Time elapsed: 0.356 s <<< FAILURE! - in edu.montana.csci.csci468.parser.CatscriptParserStatementsTest
[ERROR] functionDefWithParamTypesStatement  Time elapsed: 0.072 s  <<< FAILURE!
org.opentest4j.AssertionFailedError: expected: <int> but was: <object>
	at edu.montana.csci.csci468.parser.CatscriptParserStatementsTest.functionDefWithParamTypesStatement(CatscriptParserStatementsTest.java:174)

[INFO] Running edu.montana.csci.csci468.parser.CatscriptParserTypeCheckingTest
[ERROR] Tests run: 10, Failures: 1, Errors: 2, Skipped: 0, Time elapsed: 0.082 s <<< FAILURE! - in edu.montana.csci.csci468.parser.CatscriptParserTypeCheckingTest
[ERROR] functionCallsWorkProperly  Time elapsed: 0.009 s  <<< FAILURE!
org.opentest4j.AssertionFailedError: expected: <int> but was: <void>
	at edu.montana.csci.csci468.parser.CatscriptParserTypeCheckingTest.functionCallsWorkProperly(CatscriptParserTypeCheckingTest.java:39)

[ERROR] assignmentTypeError  Time elapsed: 0.004 s  <<< ERROR!
java.lang.NullPointerException
	at edu.montana.csci.csci468.parser.CatscriptParserTypeCheckingTest.assignmentTypeError(CatscriptParserTypeCheckingTest.java:55)

[ERROR] varTypeError  Time elapsed: 0.004 s  <<< ERROR!
java.lang.IllegalStateException: The code var x : bool = 10 did not throw an error!
	at edu.montana.csci.csci468.parser.CatscriptParserTypeCheckingTest.varTypeError(CatscriptParserTypeCheckingTest.java:50)

[INFO] Running edu.montana.csci.csci468.parser.CatscriptParserSymbolCheckingTest
[ERROR] Tests run: 8, Failures: 0, Errors: 1, Skipped: 0, Time elapsed: 0.037 s <<< FAILURE! - in edu.montana.csci.csci468.parser.CatscriptParserSymbolCheckingTest
[ERROR] forVarConflict  Time elapsed: 0.012 s  <<< ERROR!
java.lang.IndexOutOfBoundsException: Index: 0, Size: 0
	at edu.montana.csci.csci468.parser.CatscriptParserSymbolCheckingTest.forVarConflict(CatscriptParserSymbolCheckingTest.java:40)

[INFO] Running edu.montana.csci.csci468.bytecode.CatscriptStatementExecutionTest
[ERROR] Tests run: 9, Failures: 0, Errors: 9, Skipped: 0, Time elapsed: 0.195 s <<< FAILURE! - in edu.montana.csci.csci468.bytecode.CatscriptStatementExecutionTest
[ERROR] recursiveFunctionWorksProperly  Time elapsed: 0.001 s  <<< ERROR!
edu.montana.csci.csci468.parser.ParseErrorException: 
Parse Errors Occurred:

Line 2:print(x)if(x > 0) {  foo(x - 1)}}
                 ^

Error: Incompatible types

Line 2:print(x)if(x > 0) {  foo(x - 1)}}
                               ^

Error: Incompatible types


	at edu.montana.csci.csci468.bytecode.CatscriptStatementExecutionTest.recursiveFunctionWorksProperly(CatscriptStatementExecutionTest.java:72)

[ERROR] localVarStatementsWorkProperly  Time elapsed: 0.012 s  <<< ERROR!
edu.montana.csci.csci468.parser.ParseErrorException: 
Parse Errors Occurred:

Line 2:  var y = x
                ^

Error: This symbol is not defined

Line 2:  var y = x
                ^

Error: This symbol is not defined

Line 2:  var y = x
                ^

Error: This symbol is not defined

Line 2:  var y = x
                ^

Error: This symbol is not defined

Line 2:  var y = x
                ^

Error: This symbol is not defined


	at edu.montana.csci.csci468.bytecode.CatscriptStatementExecutionTest.localVarStatementsWorkProperly(CatscriptStatementExecutionTest.java:40)

[ERROR] varStatementWorksProperly  Time elapsed: 0.118 s  <<< ERROR!
java.lang.UnsupportedOperationException: compile needs to be implemented for edu.montana.csci.csci468.parser.statements.VariableStatement
	at edu.montana.csci.csci468.bytecode.CatscriptStatementExecutionTest.varStatementWorksProperly(CatscriptStatementExecutionTest.java:29)

[ERROR] functionDeclarationWorksProperly  Time elapsed: 0.003 s  <<< ERROR!
java.lang.UnsupportedOperationException: compile needs to be implemented for edu.montana.csci.csci468.parser.statements.FunctionDefinitionStatement
	at edu.montana.csci.csci468.bytecode.CatscriptStatementExecutionTest.functionDeclarationWorksProperly(CatscriptStatementExecutionTest.java:63)

[ERROR] returnStatementWorks  Time elapsed: 0.005 s  <<< ERROR!
edu.montana.csci.csci468.parser.ParseErrorException: 
Parse Errors Occurred:

Line 2:return x + 1}
             ^

Error: Incompatible types


	at edu.montana.csci.csci468.bytecode.CatscriptStatementExecutionTest.returnStatementWorks(CatscriptStatementExecutionTest.java:85)

[ERROR] varInsideFunctionWorksProperly  Time elapsed: 0.005 s  <<< ERROR!
java.lang.UnsupportedOperationException: compile needs to be implemented for edu.montana.csci.csci468.parser.statements.FunctionDefinitionStatement
	at edu.montana.csci.csci468.bytecode.CatscriptStatementExecutionTest.varInsideFunctionWorksProperly(CatscriptStatementExecutionTest.java:48)

[ERROR] ifStatementWorksProperly  Time elapsed: 0.005 s  <<< ERROR!
java.lang.UnsupportedOperationException: compile needs to be implemented for edu.montana.csci.csci468.parser.statements.IfStatement
	at edu.montana.csci.csci468.bytecode.CatscriptStatementExecutionTest.ifStatementWorksProperly(CatscriptStatementExecutionTest.java:21)

[ERROR] forStatementWorksProperly  Time elapsed: 0.004 s  <<< ERROR!
java.lang.UnsupportedOperationException: compile needs to be implemented for edu.montana.csci.csci468.parser.statements.ForStatement
	at edu.montana.csci.csci468.bytecode.CatscriptStatementExecutionTest.forStatementWorksProperly(CatscriptStatementExecutionTest.java:58)

[ERROR] printStatementWorksProperly  Time elapsed: 0.018 s  <<< ERROR!
java.lang.UnsupportedOperationException: compile needs to be implemented for edu.montana.csci.csci468.parser.statements.PrintStatement
	at edu.montana.csci.csci468.bytecode.CatscriptStatementExecutionTest.printStatementWorksProperly(CatscriptStatementExecutionTest.java:12)

[INFO] Running edu.montana.csci.csci468.bytecode.CatscriptBasicExpressionCompileTest
 JVM Bytecode ===================================

// class version 49.0 (49)
// access flags 0x1
public class edu/montana/csci/csci466/bytecode/CatScriptProgram8 extends edu/montana/csci/csci468/parser/statements/CatScriptProgram {


  // access flags 0x1
  public <init>()V
    ALOAD 0
    INVOKESPECIAL edu/montana/csci/csci468/parser/statements/CatScriptProgram.<init> ()V
    RETURN
    MAXSTACK = 1
    MAXLOCALS = 1

  // access flags 0x1
  public execute()V
    ALOAD 0
    LDC 1
    INVOKESTATIC java/lang/Integer.valueOf (I)Ljava/lang/Integer;
    INVOKEVIRTUAL edu/montana/csci/csci468/parser/statements/CatScriptProgram.print (Ljava/lang/Object;)V
    RETURN
    MAXSTACK = 2
    MAXLOCALS = 1
}


 ================================================
 JVM Bytecode ===================================

// class version 49.0 (49)
// access flags 0x1
public class edu/montana/csci/csci466/bytecode/CatScriptProgram11 extends edu/montana/csci/csci468/parser/statements/CatScriptProgram {


  // access flags 0x1
  public <init>()V
    ALOAD 0
    INVOKESPECIAL edu/montana/csci/csci468/parser/statements/CatScriptProgram.<init> ()V
    RETURN
    MAXSTACK = 1
    MAXLOCALS = 1

  // access flags 0x1
  public execute()V
    ALOAD 0
    LDC 1
    LDC 1
    IADD
    INVOKESTATIC java/lang/Integer.valueOf (I)Ljava/lang/Integer;
    INVOKEVIRTUAL edu/montana/csci/csci468/parser/statements/CatScriptProgram.print (Ljava/lang/Object;)V
    RETURN
    MAXSTACK = 3
    MAXLOCALS = 1
}


 ================================================
 JVM Bytecode ===================================

// class version 49.0 (49)
// access flags 0x1
public class edu/montana/csci/csci466/bytecode/CatScriptProgram12 extends edu/montana/csci/csci468/parser/statements/CatScriptProgram {


  // access flags 0x1
  public <init>()V
    ALOAD 0
    INVOKESPECIAL edu/montana/csci/csci468/parser/statements/CatScriptProgram.<init> ()V
    RETURN
    MAXSTACK = 1
    MAXLOCALS = 1

  // access flags 0x1
  public execute()V
    ALOAD 0
    LDC 1
    LDC 1
    ISUB
    INVOKESTATIC java/lang/Integer.valueOf (I)Ljava/lang/Integer;
    INVOKEVIRTUAL edu/montana/csci/csci468/parser/statements/CatScriptProgram.print (Ljava/lang/Object;)V
    RETURN
    MAXSTACK = 3
    MAXLOCALS = 1
}


 ================================================
 JVM Bytecode ===================================

// class version 49.0 (49)
// access flags 0x1
public class edu/montana/csci/csci466/bytecode/CatScriptProgram13 extends edu/montana/csci/csci468/parser/statements/CatScriptProgram {


  // access flags 0x1
  public <init>()V
    ALOAD 0
    INVOKESPECIAL edu/montana/csci/csci468/parser/statements/CatScriptProgram.<init> ()V
    RETURN
    MAXSTACK = 1
    MAXLOCALS = 1

  // access flags 0x1
  public execute()V
    ALOAD 0
    LDC 1
    LDC 2
    ISUB
    LDC 1
    ISUB
    INVOKESTATIC java/lang/Integer.valueOf (I)Ljava/lang/Integer;
    INVOKEVIRTUAL edu/montana/csci/csci468/parser/statements/CatScriptProgram.print (Ljava/lang/Object;)V
    RETURN
    MAXSTACK = 3
    MAXLOCALS = 1
}


 ================================================
[ERROR] Tests run: 8, Failures: 0, Errors: 7, Skipped: 0, Time elapsed: 0.239 s <<< FAILURE! - in edu.montana.csci.csci468.bytecode.CatscriptBasicExpressionCompileTest
[ERROR] additiveStringExpressionCompilesProperly  Time elapsed: 0 s  <<< ERROR!
java.lang.UnsupportedOperationException: compile needs to be implemented for edu.montana.csci.csci468.parser.expressions.StringLiteralExpression
	at edu.montana.csci.csci468.bytecode.CatscriptBasicExpressionCompileTest.additiveStringExpressionCompilesProperly(CatscriptBasicExpressionCompileTest.java:40)

[ERROR] literalExpressionsCompilesProperly  Time elapsed: 0.173 s  <<< ERROR!
java.lang.UnsupportedOperationException: compile needs to be implemented for edu.montana.csci.csci468.parser.expressions.BooleanLiteralExpression
	at edu.montana.csci.csci468.bytecode.CatscriptBasicExpressionCompileTest.literalExpressionsCompilesProperly(CatscriptBasicExpressionCompileTest.java:12)

[ERROR] unaryExpressionCompilesProperly  Time elapsed: 0.001 s  <<< ERROR!
java.lang.UnsupportedOperationException: compile needs to be implemented for edu.montana.csci.csci468.parser.expressions.UnaryExpression
	at edu.montana.csci.csci468.bytecode.CatscriptBasicExpressionCompileTest.unaryExpressionCompilesProperly(CatscriptBasicExpressionCompileTest.java:20)

[ERROR] parenthesizedExpressionCompilesProperly  Time elapsed: 0 s  <<< ERROR!
edu.montana.csci.csci468.parser.ParseErrorException: 
Parse Errors Occurred:

Line 1:(1)
      ^

Error: Unexpected Token

Line 1:(1)
       ^

Error: Unexpected Token

Line 1:(1)
        ^

Error: Unexpected Token


	at edu.montana.csci.csci468.bytecode.CatscriptBasicExpressionCompileTest.parenthesizedExpressionCompilesProperly(CatscriptBasicExpressionCompileTest.java:75)

[ERROR] factorExpressionCompilesProperly  Time elapsed: 0.001 s  <<< ERROR!
java.lang.UnsupportedOperationException: compile needs to be implemented for edu.montana.csci.csci468.parser.expressions.FactorExpression
	at edu.montana.csci.csci468.bytecode.CatscriptBasicExpressionCompileTest.factorExpressionCompilesProperly(CatscriptBasicExpressionCompileTest.java:26)

[ERROR] equalityExpressionCompilesProperly  Time elapsed: 0 s  <<< ERROR!
java.lang.UnsupportedOperationException: compile needs to be implemented for edu.montana.csci.csci468.parser.expressions.EqualityExpression
	at edu.montana.csci.csci468.bytecode.CatscriptBasicExpressionCompileTest.equalityExpressionCompilesProperly(CatscriptBasicExpressionCompileTest.java:66)

[ERROR] comparisonExpressionCompilesProperly  Time elapsed: 0 s  <<< ERROR!
java.lang.UnsupportedOperationException: compile needs to be implemented for edu.montana.csci.csci468.parser.expressions.ComparisonExpression
	at edu.montana.csci.csci468.bytecode.CatscriptBasicExpressionCompileTest.comparisonExpressionCompilesProperly(CatscriptBasicExpressionCompileTest.java:48)

[INFO] Running edu.montana.csci.csci468.bytecode.CatscriptFunctionArgsAndReturnCompileTest
[ERROR] Tests run: 15, Failures: 0, Errors: 15, Skipped: 0, Time elapsed: 0.034 s <<< FAILURE! - in edu.montana.csci.csci468.bytecode.CatscriptFunctionArgsAndReturnCompileTest
[ERROR] listTypeWithComponentTypeArgWorksProperly  Time elapsed: 0.001 s  <<< ERROR!
java.lang.UnsupportedOperationException: compile needs to be implemented for edu.montana.csci.csci468.parser.statements.FunctionDefinitionStatement
	at edu.montana.csci.csci468.bytecode.CatscriptFunctionArgsAndReturnCompileTest.listTypeWithComponentTypeArgWorksProperly(CatscriptFunctionArgsAndReturnCompileTest.java:56)

[ERROR] stringTypeArgWorksProperly  Time elapsed: 0 s  <<< ERROR!
java.lang.UnsupportedOperationException: compile needs to be implemented for edu.montana.csci.csci468.parser.statements.FunctionDefinitionStatement
	at edu.montana.csci.csci468.bytecode.CatscriptFunctionArgsAndReturnCompileTest.stringTypeArgWorksProperly(CatscriptFunctionArgsAndReturnCompileTest.java:44)

[ERROR] noTypeArgWorksProperly  Time elapsed: 0.005 s  <<< ERROR!
java.lang.UnsupportedOperationException: compile needs to be implemented for edu.montana.csci.csci468.parser.statements.FunctionDefinitionStatement
	at edu.montana.csci.csci468.bytecode.CatscriptFunctionArgsAndReturnCompileTest.noTypeArgWorksProperly(CatscriptFunctionArgsAndReturnCompileTest.java:20)

[ERROR] mutliArgumentFunctionsWork  Time elapsed: 0.001 s  <<< ERROR!
java.lang.UnsupportedOperationException: compile needs to be implemented for edu.montana.csci.csci468.parser.statements.FunctionDefinitionStatement
	at edu.montana.csci.csci468.bytecode.CatscriptFunctionArgsAndReturnCompileTest.mutliArgumentFunctionsWork(CatscriptFunctionArgsAndReturnCompileTest.java:62)

[ERROR] returnBoolWorksProperly  Time elapsed: 0 s  <<< ERROR!
java.lang.UnsupportedOperationException: compile needs to be implemented for edu.montana.csci.csci468.parser.statements.FunctionDefinitionStatement
	at edu.montana.csci.csci468.bytecode.CatscriptFunctionArgsAndReturnCompileTest.returnBoolWorksProperly(CatscriptFunctionArgsAndReturnCompileTest.java:88)

[ERROR] returnListWithComponentTypeWorksProperlyWithMultipleReturnOptions  Time elapsed: 0 s  <<< ERROR!
java.lang.NullPointerException
	at edu.montana.csci.csci468.bytecode.CatscriptFunctionArgsAndReturnCompileTest.returnListWithComponentTypeWorksProperlyWithMultipleReturnOptions(CatscriptFunctionArgsAndReturnCompileTest.java:107)

[ERROR] returnObjectWorksProperly  Time elapsed: 0 s  <<< ERROR!
java.lang.UnsupportedOperationException: compile needs to be implemented for edu.montana.csci.csci468.parser.statements.FunctionDefinitionStatement
	at edu.montana.csci.csci468.bytecode.CatscriptFunctionArgsAndReturnCompileTest.returnObjectWorksProperly(CatscriptFunctionArgsAndReturnCompileTest.java:72)

[ERROR] returnListWithComponentTypeWorksProperly  Time elapsed: 0 s  <<< ERROR!
java.lang.UnsupportedOperationException: compile needs to be implemented for edu.montana.csci.csci468.parser.statements.FunctionDefinitionStatement
	at edu.montana.csci.csci468.bytecode.CatscriptFunctionArgsAndReturnCompileTest.returnListWithComponentTypeWorksProperly(CatscriptFunctionArgsAndReturnCompileTest.java:101)

[ERROR] returnListWorksProperly  Time elapsed: 0.001 s  <<< ERROR!
java.lang.UnsupportedOperationException: compile needs to be implemented for edu.montana.csci.csci468.parser.statements.FunctionDefinitionStatement
	at edu.montana.csci.csci468.bytecode.CatscriptFunctionArgsAndReturnCompileTest.returnListWorksProperly(CatscriptFunctionArgsAndReturnCompileTest.java:94)

[ERROR] objectTypeArgWorksProperly  Time elapsed: 0 s  <<< ERROR!
java.lang.UnsupportedOperationException: compile needs to be implemented for edu.montana.csci.csci468.parser.statements.FunctionDefinitionStatement
	at edu.montana.csci.csci468.bytecode.CatscriptFunctionArgsAndReturnCompileTest.objectTypeArgWorksProperly(CatscriptFunctionArgsAndReturnCompileTest.java:26)

[ERROR] voidFunctionWorksProperly  Time elapsed: 0 s  <<< ERROR!
java.lang.UnsupportedOperationException: compile needs to be implemented for edu.montana.csci.csci468.parser.statements.VariableStatement
	at edu.montana.csci.csci468.bytecode.CatscriptFunctionArgsAndReturnCompileTest.voidFunctionWorksProperly(CatscriptFunctionArgsAndReturnCompileTest.java:12)

[ERROR] listTypeArgWorksProperly  Time elapsed: 0 s  <<< ERROR!
java.lang.UnsupportedOperationException: compile needs to be implemented for edu.montana.csci.csci468.parser.statements.FunctionDefinitionStatement
	at edu.montana.csci.csci468.bytecode.CatscriptFunctionArgsAndReturnCompileTest.listTypeArgWorksProperly(CatscriptFunctionArgsAndReturnCompileTest.java:50)

[ERROR] intTypeArgWorksProperly  Time elapsed: 0 s  <<< ERROR!
java.lang.UnsupportedOperationException: compile needs to be implemented for edu.montana.csci.csci468.parser.statements.FunctionDefinitionStatement
	at edu.montana.csci.csci468.bytecode.CatscriptFunctionArgsAndReturnCompileTest.intTypeArgWorksProperly(CatscriptFunctionArgsAndReturnCompileTest.java:32)

[ERROR] booleanTypeArgWorksProperly  Time elapsed: 0.001 s  <<< ERROR!
java.lang.UnsupportedOperationException: compile needs to be implemented for edu.montana.csci.csci468.parser.statements.FunctionDefinitionStatement
	at edu.montana.csci.csci468.bytecode.CatscriptFunctionArgsAndReturnCompileTest.booleanTypeArgWorksProperly(CatscriptFunctionArgsAndReturnCompileTest.java:38)

[ERROR] returnIntWorksProperly  Time elapsed: 0 s  <<< ERROR!
java.lang.UnsupportedOperationException: compile needs to be implemented for edu.montana.csci.csci468.parser.statements.FunctionDefinitionStatement
	at edu.montana.csci.csci468.bytecode.CatscriptFunctionArgsAndReturnCompileTest.returnIntWorksProperly(CatscriptFunctionArgsAndReturnCompileTest.java:82)

[INFO] Running edu.montana.csci.csci468.js.CatscriptFunctionArgsAndReturnTranspileTest
[ERROR] Tests run: 14, Failures: 0, Errors: 14, Skipped: 0, Time elapsed: 0.019 s <<< FAILURE! - in edu.montana.csci.csci468.js.CatscriptFunctionArgsAndReturnTranspileTest
[ERROR] listTypeWithComponentTypeArgWorksProperly  Time elapsed: 0 s  <<< ERROR!
java.lang.UnsupportedOperationException: transpile needs to be implemented for edu.montana.csci.csci468.parser.statements.FunctionDefinitionStatement
	at edu.montana.csci.csci468.js.CatscriptFunctionArgsAndReturnTranspileTest.listTypeWithComponentTypeArgWorksProperly(CatscriptFunctionArgsAndReturnTranspileTest.java:56)

[ERROR] stringTypeArgWorksProperly  Time elapsed: 0 s  <<< ERROR!
java.lang.UnsupportedOperationException: transpile needs to be implemented for edu.montana.csci.csci468.parser.statements.FunctionDefinitionStatement
	at edu.montana.csci.csci468.js.CatscriptFunctionArgsAndReturnTranspileTest.stringTypeArgWorksProperly(CatscriptFunctionArgsAndReturnTranspileTest.java:44)

[ERROR] noTypeArgWorksProperly  Time elapsed: 0 s  <<< ERROR!
java.lang.UnsupportedOperationException: transpile needs to be implemented for edu.montana.csci.csci468.parser.statements.FunctionDefinitionStatement
	at edu.montana.csci.csci468.js.CatscriptFunctionArgsAndReturnTranspileTest.noTypeArgWorksProperly(CatscriptFunctionArgsAndReturnTranspileTest.java:20)

[ERROR] mutliArgumentFunctionsWork  Time elapsed: 0 s  <<< ERROR!
java.lang.UnsupportedOperationException: transpile needs to be implemented for edu.montana.csci.csci468.parser.statements.FunctionDefinitionStatement
	at edu.montana.csci.csci468.js.CatscriptFunctionArgsAndReturnTranspileTest.mutliArgumentFunctionsWork(CatscriptFunctionArgsAndReturnTranspileTest.java:62)

[ERROR] returnBoolWorksProperly  Time elapsed: 0 s  <<< ERROR!
java.lang.UnsupportedOperationException: transpile needs to be implemented for edu.montana.csci.csci468.parser.statements.FunctionDefinitionStatement
	at edu.montana.csci.csci468.js.CatscriptFunctionArgsAndReturnTranspileTest.returnBoolWorksProperly(CatscriptFunctionArgsAndReturnTranspileTest.java:88)

[ERROR] returnObjectWorksProperly  Time elapsed: 0 s  <<< ERROR!
java.lang.UnsupportedOperationException: transpile needs to be implemented for edu.montana.csci.csci468.parser.statements.FunctionDefinitionStatement
	at edu.montana.csci.csci468.js.CatscriptFunctionArgsAndReturnTranspileTest.returnObjectWorksProperly(CatscriptFunctionArgsAndReturnTranspileTest.java:72)

[ERROR] returnListWithComponentTypeWorksProperly  Time elapsed: 0 s  <<< ERROR!
java.lang.UnsupportedOperationException: transpile needs to be implemented for edu.montana.csci.csci468.parser.statements.FunctionDefinitionStatement
	at edu.montana.csci.csci468.js.CatscriptFunctionArgsAndReturnTranspileTest.returnListWithComponentTypeWorksProperly(CatscriptFunctionArgsAndReturnTranspileTest.java:101)

[ERROR] returnListWorksProperly  Time elapsed: 0.001 s  <<< ERROR!
java.lang.UnsupportedOperationException: transpile needs to be implemented for edu.montana.csci.csci468.parser.statements.FunctionDefinitionStatement
	at edu.montana.csci.csci468.js.CatscriptFunctionArgsAndReturnTranspileTest.returnListWorksProperly(CatscriptFunctionArgsAndReturnTranspileTest.java:94)

[ERROR] objectTypeArgWorksProperly  Time elapsed: 0 s  <<< ERROR!
java.lang.UnsupportedOperationException: transpile needs to be implemented for edu.montana.csci.csci468.parser.statements.FunctionDefinitionStatement
	at edu.montana.csci.csci468.js.CatscriptFunctionArgsAndReturnTranspileTest.objectTypeArgWorksProperly(CatscriptFunctionArgsAndReturnTranspileTest.java:26)

[ERROR] voidFunctionWorksProperly  Time elapsed: 0 s  <<< ERROR!
java.lang.UnsupportedOperationException: transpile needs to be implemented for edu.montana.csci.csci468.parser.statements.VariableStatement
	at edu.montana.csci.csci468.js.CatscriptFunctionArgsAndReturnTranspileTest.voidFunctionWorksProperly(CatscriptFunctionArgsAndReturnTranspileTest.java:12)

[ERROR] listTypeArgWorksProperly  Time elapsed: 0 s  <<< ERROR!
java.lang.UnsupportedOperationException: transpile needs to be implemented for edu.montana.csci.csci468.parser.statements.FunctionDefinitionStatement
	at edu.montana.csci.csci468.js.CatscriptFunctionArgsAndReturnTranspileTest.listTypeArgWorksProperly(CatscriptFunctionArgsAndReturnTranspileTest.java:50)

[ERROR] intTypeArgWorksProperly  Time elapsed: 0.008 s  <<< ERROR!
java.lang.UnsupportedOperationException: transpile needs to be implemented for edu.montana.csci.csci468.parser.statements.FunctionDefinitionStatement
	at edu.montana.csci.csci468.js.CatscriptFunctionArgsAndReturnTranspileTest.intTypeArgWorksProperly(CatscriptFunctionArgsAndReturnTranspileTest.java:32)

[ERROR] booleanTypeArgWorksProperly  Time elapsed: 0 s  <<< ERROR!
java.lang.UnsupportedOperationException: transpile needs to be implemented for edu.montana.csci.csci468.parser.statements.FunctionDefinitionStatement
	at edu.montana.csci.csci468.js.CatscriptFunctionArgsAndReturnTranspileTest.booleanTypeArgWorksProperly(CatscriptFunctionArgsAndReturnTranspileTest.java:38)

[ERROR] returnIntWorksProperly  Time elapsed: 0.002 s  <<< ERROR!
java.lang.UnsupportedOperationException: transpile needs to be implemented for edu.montana.csci.csci468.parser.statements.FunctionDefinitionStatement
	at edu.montana.csci.csci468.js.CatscriptFunctionArgsAndReturnTranspileTest.returnIntWorksProperly(CatscriptFunctionArgsAndReturnTranspileTest.java:82)

[INFO] Running edu.montana.csci.csci468.js.CatscriptStatementTranspileTest
[ERROR] Tests run: 7, Failures: 0, Errors: 7, Skipped: 0, Time elapsed: 0.008 s <<< FAILURE! - in edu.montana.csci.csci468.js.CatscriptStatementTranspileTest
[ERROR] recursiveFunctionWorksProperly  Time elapsed: 0 s  <<< ERROR!
edu.montana.csci.csci468.parser.ParseErrorException: 
Parse Errors Occurred:

Line 2:print(x)if(x > 0) {  foo(x - 1)}}
                 ^

Error: Incompatible types

Line 2:print(x)if(x > 0) {  foo(x - 1)}}
                               ^

Error: Incompatible types


	at edu.montana.csci.csci468.js.CatscriptStatementTranspileTest.recursiveFunctionWorksProperly(CatscriptStatementTranspileTest.java:54)

[ERROR] varStatementWorksProperly  Time elapsed: 0 s  <<< ERROR!
java.lang.UnsupportedOperationException: transpile needs to be implemented for edu.montana.csci.csci468.parser.statements.VariableStatement
	at edu.montana.csci.csci468.js.CatscriptStatementTranspileTest.varStatementWorksProperly(CatscriptStatementTranspileTest.java:29)

[ERROR] functionDeclarationWorksProperly  Time elapsed: 0 s  <<< ERROR!
java.lang.UnsupportedOperationException: transpile needs to be implemented for edu.montana.csci.csci468.parser.statements.FunctionDefinitionStatement
	at edu.montana.csci.csci468.js.CatscriptStatementTranspileTest.functionDeclarationWorksProperly(CatscriptStatementTranspileTest.java:45)

[ERROR] returnStatementWorks  Time elapsed: 0 s  <<< ERROR!
edu.montana.csci.csci468.parser.ParseErrorException: 
Parse Errors Occurred:

Line 2:return x + 1}
             ^

Error: Incompatible types


	at edu.montana.csci.csci468.js.CatscriptStatementTranspileTest.returnStatementWorks(CatscriptStatementTranspileTest.java:67)

[ERROR] ifStatementWorksProperly  Time elapsed: 0 s  <<< ERROR!
java.lang.UnsupportedOperationException: transpile needs to be implemented for edu.montana.csci.csci468.parser.statements.IfStatement
	at edu.montana.csci.csci468.js.CatscriptStatementTranspileTest.ifStatementWorksProperly(CatscriptStatementTranspileTest.java:21)

[ERROR] forStatementWorksProperly  Time elapsed: 0 s  <<< ERROR!
java.lang.UnsupportedOperationException: transpile needs to be implemented for edu.montana.csci.csci468.parser.statements.ForStatement
	at edu.montana.csci.csci468.js.CatscriptStatementTranspileTest.forStatementWorksProperly(CatscriptStatementTranspileTest.java:40)

[ERROR] printStatementWorksProperly  Time elapsed: 0 s  <<< ERROR!
java.lang.UnsupportedOperationException: transpile needs to be implemented for edu.montana.csci.csci468.parser.statements.PrintStatement
	at edu.montana.csci.csci468.js.CatscriptStatementTranspileTest.printStatementWorksProperly(CatscriptStatementTranspileTest.java:12)

[INFO] Running edu.montana.csci.csci468.js.CatscriptBasicExpressionTranspileTest
print(1+1);

print(1-1);

print(1-2-1);

print(1);

[ERROR] Tests run: 8, Failures: 0, Errors: 7, Skipped: 0, Time elapsed: 2.162 s <<< FAILURE! - in edu.montana.csci.csci468.js.CatscriptBasicExpressionTranspileTest
[ERROR] comparisonExpressionEvaluatesProperly  Time elapsed: 0 s  <<< ERROR!
java.lang.UnsupportedOperationException: transpile needs to be implemented for edu.montana.csci.csci468.parser.expressions.ComparisonExpression
	at edu.montana.csci.csci468.js.CatscriptBasicExpressionTranspileTest.comparisonExpressionEvaluatesProperly(CatscriptBasicExpressionTranspileTest.java:48)

[ERROR] factorExpressionEvaluatesProperly  Time elapsed: 0 s  <<< ERROR!
java.lang.UnsupportedOperationException: transpile needs to be implemented for edu.montana.csci.csci468.parser.expressions.FactorExpression
	at edu.montana.csci.csci468.js.CatscriptBasicExpressionTranspileTest.factorExpressionEvaluatesProperly(CatscriptBasicExpressionTranspileTest.java:26)

[ERROR] equalityExpressionEvaluatesProperly  Time elapsed: 0 s  <<< ERROR!
java.lang.UnsupportedOperationException: transpile needs to be implemented for edu.montana.csci.csci468.parser.expressions.EqualityExpression
	at edu.montana.csci.csci468.js.CatscriptBasicExpressionTranspileTest.equalityExpressionEvaluatesProperly(CatscriptBasicExpressionTranspileTest.java:66)

[ERROR] additiveStringExpressionEvaluatesProperly  Time elapsed: 0 s  <<< ERROR!
java.lang.UnsupportedOperationException: transpile needs to be implemented for edu.montana.csci.csci468.parser.expressions.StringLiteralExpression
	at edu.montana.csci.csci468.js.CatscriptBasicExpressionTranspileTest.additiveStringExpressionEvaluatesProperly(CatscriptBasicExpressionTranspileTest.java:40)

[ERROR] unaryExpressionEvaluatesProperly  Time elapsed: 0.009 s  <<< ERROR!
java.lang.UnsupportedOperationException: transpile needs to be implemented for edu.montana.csci.csci468.parser.expressions.UnaryExpression
	at edu.montana.csci.csci468.js.CatscriptBasicExpressionTranspileTest.unaryExpressionEvaluatesProperly(CatscriptBasicExpressionTranspileTest.java:20)

[ERROR] literalExpressionsEvaluatesProperly  Time elapsed: 0.095 s  <<< ERROR!
java.lang.UnsupportedOperationException: transpile needs to be implemented for edu.montana.csci.csci468.parser.expressions.BooleanLiteralExpression
	at edu.montana.csci.csci468.js.CatscriptBasicExpressionTranspileTest.literalExpressionsEvaluatesProperly(CatscriptBasicExpressionTranspileTest.java:12)

[ERROR] parenthesizedExpressionEvaluatesProperly  Time elapsed: 0.001 s  <<< ERROR!
edu.montana.csci.csci468.parser.ParseErrorException: 
Parse Errors Occurred:

Line 1:(1)
      ^

Error: Unexpected Token

Line 1:(1)
       ^

Error: Unexpected Token

Line 1:(1)
        ^

Error: Unexpected Token


	at edu.montana.csci.csci468.js.CatscriptBasicExpressionTranspileTest.parenthesizedExpressionEvaluatesProperly(CatscriptBasicExpressionTranspileTest.java:76)

[INFO] Running edu.montana.csci.csci468.eval.CatscriptStatementExecutionTest
[ERROR] Tests run: 9, Failures: 1, Errors: 4, Skipped: 0, Time elapsed: 0.015 s <<< FAILURE! - in edu.montana.csci.csci468.eval.CatscriptStatementExecutionTest
[ERROR] recursiveFunctionWorksProperly  Time elapsed: 0 s  <<< ERROR!
edu.montana.csci.csci468.parser.ParseErrorException: 
Parse Errors Occurred:

Line 2:print(x)if(x > 0) {  foo(x - 1)}}
                 ^

Error: Incompatible types

Line 2:print(x)if(x > 0) {  foo(x - 1)}}
                               ^

Error: Incompatible types


	at edu.montana.csci.csci468.eval.CatscriptStatementExecutionTest.recursiveFunctionWorksProperly(CatscriptStatementExecutionTest.java:72)

[ERROR] localVarStatementsWorkProperly  Time elapsed: 0 s  <<< ERROR!
edu.montana.csci.csci468.parser.ParseErrorException: 
Parse Errors Occurred:

Line 2:  var y = x
                ^

Error: This symbol is not defined

Line 2:  var y = x
                ^

Error: This symbol is not defined

Line 2:  var y = x
                ^

Error: This symbol is not defined

Line 2:  var y = x
                ^

Error: This symbol is not defined

Line 2:  var y = x
                ^

Error: This symbol is not defined


	at edu.montana.csci.csci468.eval.CatscriptStatementExecutionTest.localVarStatementsWorkProperly(CatscriptStatementExecutionTest.java:40)

[ERROR] functionDeclarationWorksProperly  Time elapsed: 0 s  <<< FAILURE!
org.opentest4j.AssertionFailedError: 
expected: <1
2
3
> but was: <1
1
1
>
	at edu.montana.csci.csci468.eval.CatscriptStatementExecutionTest.functionDeclarationWorksProperly(CatscriptStatementExecutionTest.java:63)

[ERROR] returnStatementWorks  Time elapsed: 0 s  <<< ERROR!
edu.montana.csci.csci468.parser.ParseErrorException: 
Parse Errors Occurred:

Line 2:return x + 1}
             ^

Error: Incompatible types


	at edu.montana.csci.csci468.eval.CatscriptStatementExecutionTest.returnStatementWorks(CatscriptStatementExecutionTest.java:85)

[ERROR] varInsideFunctionWorksProperly  Time elapsed: 0 s  <<< ERROR!
java.lang.UnsupportedOperationException: evaluate needs to be implemented for edu.montana.csci.csci468.parser.expressions.IdentifierExpression
	at edu.montana.csci.csci468.eval.CatscriptStatementExecutionTest.varInsideFunctionWorksProperly(CatscriptStatementExecutionTest.java:48)

[INFO] Running edu.montana.csci.csci468.eval.CatscriptFunctionArgsAndReturnEvalTest
[ERROR] Tests run: 14, Failures: 0, Errors: 2, Skipped: 0, Time elapsed: 0.009 s <<< FAILURE! - in edu.montana.csci.csci468.eval.CatscriptFunctionArgsAndReturnEvalTest
[ERROR] mutliArgumentFunctionsWork  Time elapsed: 0 s  <<< ERROR!
java.lang.ClassCastException: class edu.montana.csci.csci468.parser.expressions.IntegerLiteralExpression cannot be cast to class edu.montana.csci.csci468.parser.expressions.IdentifierExpression (edu.montana.csci.csci468.parser.expressions.IntegerLiteralExpression and edu.montana.csci.csci468.parser.expressions.IdentifierExpression are in unnamed module of loader 'app')
	at edu.montana.csci.csci468.eval.CatscriptFunctionArgsAndReturnEvalTest.mutliArgumentFunctionsWork(CatscriptFunctionArgsAndReturnEvalTest.java:62)

[ERROR] voidFunctionWorksProperly  Time elapsed: 0.001 s  <<< ERROR!
java.lang.ClassCastException: class edu.montana.csci.csci468.parser.statements.VariableStatement cannot be cast to class edu.montana.csci.csci468.parser.statements.FunctionDefinitionStatement (edu.montana.csci.csci468.parser.statements.VariableStatement and edu.montana.csci.csci468.parser.statements.FunctionDefinitionStatement are in unnamed module of loader 'app')
	at edu.montana.csci.csci468.eval.CatscriptFunctionArgsAndReturnEvalTest.voidFunctionWorksProperly(CatscriptFunctionArgsAndReturnEvalTest.java:12)

[INFO] Running edu.montana.csci.csci468.eval.CatscriptBasicExpressionEvalTest
[ERROR] Tests run: 8, Failures: 0, Errors: 1, Skipped: 0, Time elapsed: 0.049 s <<< FAILURE! - in edu.montana.csci.csci468.eval.CatscriptBasicExpressionEvalTest
[ERROR] parenthesizedExpressionEvaluatesProperly  Time elapsed: 0.032 s  <<< ERROR!
edu.montana.csci.csci468.parser.ParseErrorException: 
Parse Errors Occurred:

Line 1:(1)
      ^

Error: Unexpected Token

Line 1:(1)
       ^

Error: Unexpected Token

Line 1:(1)
        ^

Error: Unexpected Token


	at edu.montana.csci.csci468.eval.CatscriptBasicExpressionEvalTest.parenthesizedExpressionEvaluatesProperly(CatscriptBasicExpressionEvalTest.java:78)

[INFO] Running edu.montana.csci.csci468.demo.JavaReview
[INFO] Tests run: 1, Failures: 0, Errors: 0, Skipped: 0, Time elapsed: 0 s - in edu.montana.csci.csci468.demo.JavaReview
[INFO] Running edu.montana.csci.csci468.demo.ClosuresDemo
[ab, abc]
[a, ab, abc]
0
1
2
0
1
2
[1, 2, 3]
[INFO] Tests run: 5, Failures: 0, Errors: 0, Skipped: 0, Time elapsed: 0.02 s - in edu.montana.csci.csci468.demo.ClosuresDemo
[INFO] Running edu.montana.csci.csci468.tokenizer.CatScriptTokenizerTest
[ERROR] Tests run: 16, Failures: 1, Errors: 0, Skipped: 0, Time elapsed: 0.014 s <<< FAILURE! - in edu.montana.csci.csci468.tokenizer.CatScriptTokenizerTest
[ERROR] escapedStrings  Time elapsed: 0 s  <<< FAILURE!
org.opentest4j.AssertionFailedError: expected: <[STRING, EOF]> but was: <[STRING, IDENTIFIER, ERROR, EOF]>
	at edu.montana.csci.csci468.tokenizer.CatScriptTokenizerTest.escapedStrings(CatScriptTokenizerTest.java:51)

